<?xml version="1.0" encoding="UTF-8"?>
<!-- Generated by org.testng.reporters.JUnitReportReporter -->
<testsuite hostname="LAPTOP-VBRVOPDQ" failures="0" tests="21" name="runner.TestRunner" time="216.123" errors="1" timestamp="2025-09-08T08:38:02 IST" skipped="0">
  <testcase classname="runner.TestRunner" name="runScenario" time="10.693"/>
  <testcase classname="runner.TestRunner" name="runScenario" time="9.056"/>
  <testcase classname="runner.TestRunner" name="runScenario" time="10.504"/>
  <testcase classname="runner.TestRunner" name="runScenario" time="12.716"/>
  <testcase classname="runner.TestRunner" name="runScenario" time="5.303"/>
  <testcase classname="runner.TestRunner" name="runScenario" time="14.412"/>
  <testcase classname="runner.TestRunner" name="runScenario" time="12.322"/>
  <testcase classname="runner.TestRunner" name="runScenario" time="11.170"/>
  <testcase classname="runner.TestRunner" name="runScenario" time="11.780"/>
  <testcase classname="runner.TestRunner" name="runScenario" time="9.207"/>
  <testcase classname="runner.TestRunner" name="runScenario" time="7.851"/>
  <testcase classname="runner.TestRunner" name="runScenario" time="9.055"/>
  <testcase classname="runner.TestRunner" name="runScenario" time="7.853"/>
  <testcase classname="runner.TestRunner" name="runScenario" time="5.733"/>
  <testcase classname="runner.TestRunner" name="runScenario" time="11.995"/>
  <testcase classname="runner.TestRunner" name="runScenario" time="11.153"/>
  <testcase classname="runner.TestRunner" name="runScenario" time="11.915"/>
  <testcase classname="runner.TestRunner" name="runScenario" time="5.240"/>
  <testcase classname="runner.TestRunner" name="runScenario" time="11.999"/>
  <testcase classname="runner.TestRunner" name="runScenario" time="11.018"/>
  <testcase classname="runner.TestRunner" name="runScenario" time="15.148">
    <error message="element click intercepted: Element &lt;span class=&quot;cart-label&quot;&gt;...&lt;/span&gt; is not clickable at point (1287, 22). Other element would receive the click: &lt;p class=&quot;content&quot;&gt;...&lt;/p&gt;
  (Session info: chrome=139.0.7258.155)
Build info: version: &#039;4.25.0&#039;, revision: &#039;8a8aea2337&#039;
System info: os.name: &#039;Windows 11&#039;, os.arch: &#039;amd64&#039;, os.version: &#039;10.0&#039;, java.version: &#039;21.0.7&#039;
Driver info: org.openqa.selenium.chrome.ChromeDriver
Command: [55212a1c423b4ce846373b4fd56d5967, clickElement {id=f.C3E5C8FCF61DB8DF1EC22B78B0D04BF8.d.40AFA179D9460A96C616C9AB410313E0.e.106}]
Capabilities {acceptInsecureCerts: false, browserName: chrome, browserVersion: 139.0.7258.155, chrome: {chromedriverVersion: 139.0.7258.154 (9e0d6b2b47f..., userDataDir: C:\Users\bharg\AppData\Loca...}, fedcm:accounts: true, goog:chromeOptions: {debuggerAddress: localhost:62408}, networkConnectionEnabled: false, pageLoadStrategy: normal, platformName: windows, proxy: Proxy(), se:cdp: ws://localhost:62408/devtoo..., se:cdpVersion: 139.0.7258.155, setWindowRect: true, strictFileInteractability: false, timeouts: {implicit: 0, pageLoad: 300000, script: 30000}, unhandledPromptBehavior: dismiss and notify, webauthn:extension:credBlob: true, webauthn:extension:largeBlob: true, webauthn:extension:minPinLength: true, webauthn:extension:prf: true, webauthn:virtualAuthenticators: true}
Element: [[ChromeDriver: chrome on windows (55212a1c423b4ce846373b4fd56d5967)] -&gt; xpath: //*[@id=&#039;topcartlink&#039;]/a/span[1]]
Session ID: 55212a1c423b4ce846373b4fd56d5967" type="org.openqa.selenium.ElementClickInterceptedException">
      <![CDATA[org.openqa.selenium.ElementClickInterceptedException: element click intercepted: Element <span class="cart-label">...</span> is not clickable at point (1287, 22). Other element would receive the click: <p class="content">...</p>
  (Session info: chrome=139.0.7258.155)
Build info: version: '4.25.0', revision: '8a8aea2337'
System info: os.name: 'Windows 11', os.arch: 'amd64', os.version: '10.0', java.version: '21.0.7'
Driver info: org.openqa.selenium.chrome.ChromeDriver
Command: [55212a1c423b4ce846373b4fd56d5967, clickElement {id=f.C3E5C8FCF61DB8DF1EC22B78B0D04BF8.d.40AFA179D9460A96C616C9AB410313E0.e.106}]
Capabilities {acceptInsecureCerts: false, browserName: chrome, browserVersion: 139.0.7258.155, chrome: {chromedriverVersion: 139.0.7258.154 (9e0d6b2b47f..., userDataDir: C:\Users\bharg\AppData\Loca...}, fedcm:accounts: true, goog:chromeOptions: {debuggerAddress: localhost:62408}, networkConnectionEnabled: false, pageLoadStrategy: normal, platformName: windows, proxy: Proxy(), se:cdp: ws://localhost:62408/devtoo..., se:cdpVersion: 139.0.7258.155, setWindowRect: true, strictFileInteractability: false, timeouts: {implicit: 0, pageLoad: 300000, script: 30000}, unhandledPromptBehavior: dismiss and notify, webauthn:extension:credBlob: true, webauthn:extension:largeBlob: true, webauthn:extension:minPinLength: true, webauthn:extension:prf: true, webauthn:virtualAuthenticators: true}
Element: [[ChromeDriver: chrome on windows (55212a1c423b4ce846373b4fd56d5967)] -> xpath: //*[@id='topcartlink']/a/span[1]]
Session ID: 55212a1c423b4ce846373b4fd56d5967
at java.base/jdk.internal.reflect.DirectConstructorHandleAccessor.newInstance(DirectConstructorHandleAccessor.java:62)
at java.base/java.lang.reflect.Constructor.newInstanceWithCaller(Constructor.java:502)
at java.base/java.lang.reflect.Constructor.newInstance(Constructor.java:486)
at org.openqa.selenium.remote.ErrorCodec.decode(ErrorCodec.java:167)
at org.openqa.selenium.remote.codec.w3c.W3CHttpResponseCodec.decode(W3CHttpResponseCodec.java:138)
at org.openqa.selenium.remote.codec.w3c.W3CHttpResponseCodec.decode(W3CHttpResponseCodec.java:50)
at org.openqa.selenium.remote.HttpCommandExecutor.execute(HttpCommandExecutor.java:190)
at org.openqa.selenium.remote.service.DriverCommandExecutor.invokeExecute(DriverCommandExecutor.java:216)
at org.openqa.selenium.remote.service.DriverCommandExecutor.execute(DriverCommandExecutor.java:174)
at org.openqa.selenium.remote.RemoteWebDriver.execute(RemoteWebDriver.java:545)
at org.openqa.selenium.remote.RemoteWebElement.execute(RemoteWebElement.java:223)
at org.openqa.selenium.remote.RemoteWebElement.click(RemoteWebElement.java:76)
at pages.CartPage.openShoppingCart(CartPage.java:31)
at stepDefinition.CartSteps.i_go_to_the_shopping_cart(CartSteps.java:40)
at âœ½.I go to the shopping cart(file:///C:/Users/bharg/eclipse-workspace/Java_Selenium/CapstoneProject/Nopcommerce/src/test/resources/feature/cart.feature:9)
]]>
    </error>
  </testcase> <!-- runScenario -->
</testsuite> <!-- runner.TestRunner -->
