<?xml version="1.0" encoding="UTF-8"?>
<!-- Generated by org.testng.reporters.JUnitReportReporter -->
<testsuite hostname="LAPTOP-VBRVOPDQ" failures="0" tests="30" name="runners.TestRunner" time="183.094" errors="1" timestamp="2025-09-08T08:48:56 IST" skipped="0">
  <testcase classname="runners.TestRunner" name="runScenario" time="4.238"/>
  <testcase classname="runners.TestRunner" name="runScenario" time="5.069"/>
  <testcase classname="runners.TestRunner" name="runScenario" time="5.140"/>
  <testcase classname="runners.TestRunner" name="runScenario" time="4.057"/>
  <testcase classname="runners.TestRunner" name="runScenario" time="4.365"/>
  <testcase classname="runners.TestRunner" name="runScenario" time="4.039"/>
  <testcase classname="runners.TestRunner" name="runScenario" time="6.633"/>
  <testcase classname="runners.TestRunner" name="runScenario" time="16.283"/>
  <testcase classname="runners.TestRunner" name="runScenario" time="4.474"/>
  <testcase classname="runners.TestRunner" name="runScenario" time="3.811"/>
  <testcase classname="runners.TestRunner" name="runScenario" time="4.751"/>
  <testcase classname="runners.TestRunner" name="runScenario" time="5.236"/>
  <testcase classname="runners.TestRunner" name="runScenario" time="9.925"/>
  <testcase classname="runners.TestRunner" name="runScenario" time="4.461"/>
  <testcase classname="runners.TestRunner" name="runScenario" time="4.231"/>
  <testcase classname="runners.TestRunner" name="runScenario" time="5.127"/>
  <testcase classname="runners.TestRunner" name="runScenario" time="3.543">
    <error message="Cannot invoke &quot;pages.LogoutPage.clickContinueShopping()&quot; because &quot;this.logoutPage&quot; is null" type="java.lang.NullPointerException">
      <![CDATA[java.lang.NullPointerException: Cannot invoke "pages.LogoutPage.clickContinueShopping()" because "this.logoutPage" is null
at stepdefinitions.LogoutSteps.user_clicks_on_continue_shopping(LogoutSteps.java:39)
at âœ½.User clicks on continue shopping(file:///C:/Users/bharg/eclipse-workspace/Java_Selenium/CapstoneProject/SauceDemo/src/test/resources/feature/Logout.feature:13)
]]>
    </error>
  </testcase> <!-- runScenario -->
  <testcase classname="runners.TestRunner" name="runScenario" time="5.202"/>
  <testcase classname="runners.TestRunner" name="runScenario" time="5.704"/>
  <testcase classname="runners.TestRunner" name="runScenario" time="10.602"/>
  <testcase classname="runners.TestRunner" name="runScenario" time="4.642"/>
  <testcase classname="runners.TestRunner" name="runScenario" time="4.934"/>
  <testcase classname="runners.TestRunner" name="runScenario" time="7.262"/>
  <testcase classname="runners.TestRunner" name="runScenario" time="4.513"/>
  <testcase classname="runners.TestRunner" name="runScenario" time="10.179"/>
  <testcase classname="runners.TestRunner" name="runScenario" time="5.303"/>
  <testcase classname="runners.TestRunner" name="runScenario" time="4.426"/>
  <testcase classname="runners.TestRunner" name="runScenario" time="10.128"/>
  <testcase classname="runners.TestRunner" name="runScenario" time="10.269"/>
  <testcase classname="runners.TestRunner" name="runScenario" time="4.547"/>
</testsuite> <!-- runners.TestRunner -->
