<html>
<head>
<title>TestNG:  Default test</title>
<link href="../testng.css" rel="stylesheet" type="text/css" />
<link href="../my-testng.css" rel="stylesheet" type="text/css" />

<style type="text/css">
.log { display: none;} 
.stack-trace { display: none;} 
</style>
<script type="text/javascript">
<!--
function flip(e) {
  current = e.style.display;
  if (current == 'block') {
    e.style.display = 'none';
    return 0;
  }
  else {
    e.style.display = 'block';
    return 1;
  }
}

function toggleBox(szDivId, elem, msg1, msg2)
{
  var res = -1;  if (document.getElementById) {
    res = flip(document.getElementById(szDivId));
  }
  else if (document.all) {
    // this is the way old msie versions work
    res = flip(document.all[szDivId]);
  }
  if(elem) {
    if(res == 0) elem.innerHTML = msg1; else elem.innerHTML = msg2;
  }

}

function toggleAllBoxes() {
  if (document.getElementsByTagName) {
    d = document.getElementsByTagName('div');
    for (i = 0; i < d.length; i++) {
      if (d[i].className == 'log') {
        flip(d[i]);
      }
    }
  }
}

// -->
</script>

</head>
<body>
<h2 align='center'>Default test</h2><table border='1' align="center">
<tr>
<td>Tests passed/Failed/Skipped:</td><td>29/1/0</td>
</tr><tr>
<td>Started on:</td><td>Mon Sep 08 08:45:52 IST 2025</td>
</tr>
<tr><td>Total time:</td><td>183 seconds (183886 ms)</td>
</tr><tr>
<td>Included groups:</td><td></td>
</tr><tr>
<td>Excluded groups:</td><td></td>
</tr>
</table><p/>
<small><i>(Hover the method name to see the test class name)</i></small><p/>
<table width='100%' border='1' class='invocation-failed'>
<tr><td colspan='4' align='center'><b>FAILED TESTS</b></td></tr>
<tr><td><b>Test method</b></td>
<td><b>Attribute(s)</b></td>
<td width="30%"><b>Exception</b></td>
<td width="10%"><b>Time (seconds)</b></td>
<td><b>Instance</b></td>
</tr>
<tr>
<td title='runners.TestRunner.runScenario()'><b>runScenario</b><br>Test class: runners.TestRunner<br>Test method: Runs Cucumber Scenarios<br>Parameters: "User navigates back to inventory from cart", "Logout and Navigation Tests"</td>
<td><div><pre>java.lang.NullPointerException: Cannot invoke &quot;pages.LogoutPage.clickContinueShopping()&quot; because &quot;this.logoutPage&quot; is null
	at stepdefinitions.LogoutSteps.user_clicks_on_continue_shopping(LogoutSteps.java:39)
	at ✽.User clicks on continue shopping(file:///C:/Users/bharg/eclipse-workspace/Java_Selenium/CapstoneProject/SauceDemo/src/test/resources/feature/Logout.feature:13)
</pre></div><a href='#' onClick='toggleBox("stack-trace122376732", this, "Click to show all stack frames", "Click to hide stack frames")'>Click to show all stack frames</a>
<div class='stack-trace' id='stack-trace122376732'><pre>java.lang.NullPointerException: Cannot invoke &quot;pages.LogoutPage.clickContinueShopping()&quot; because &quot;this.logoutPage&quot; is null
	at stepdefinitions.LogoutSteps.user_clicks_on_continue_shopping(LogoutSteps.java:39)
	at ✽.User clicks on continue shopping(file:///C:/Users/bharg/eclipse-workspace/Java_Selenium/CapstoneProject/SauceDemo/src/test/resources/feature/Logout.feature:13)
</pre></div></td>
<td>3</td>
<td>runners.TestRunner@26794848</td></tr>
</table><p>
<table width='100%' border='1' class='invocation-passed'>
<tr><td colspan='4' align='center'><b>PASSED TESTS</b></td></tr>
<tr><td><b>Test method</b></td>
<td><b>Attribute(s)</b></td>
<td width="30%"><b>Exception</b></td>
<td width="10%"><b>Time (seconds)</b></td>
<td><b>Instance</b></td>
</tr>
<tr>
<td title='runners.TestRunner.runScenario()'><b>runScenario</b><br>Test class: runners.TestRunner<br>Test method: Runs Cucumber Scenarios<br>Parameters: "Verify Username and Password fields are displayed", "SauceDemo Login"</td>
<td></td>
<td>4</td>
<td>runners.TestRunner@26794848</td></tr>
<tr>
<td title='runners.TestRunner.runScenario()'><b>runScenario</b><br>Test class: runners.TestRunner<br>Test method: Runs Cucumber Scenarios<br>Parameters: "Invalid login attempts", "SauceDemo Login"</td>
<td></td>
<td>5</td>
<td>runners.TestRunner@26794848</td></tr>
<tr>
<td title='runners.TestRunner.runScenario()'><b>runScenario</b><br>Test class: runners.TestRunner<br>Test method: Runs Cucumber Scenarios<br>Parameters: "Invalid login attempts", "SauceDemo Login"</td>
<td></td>
<td>5</td>
<td>runners.TestRunner@26794848</td></tr>
<tr>
<td title='runners.TestRunner.runScenario()'><b>runScenario</b><br>Test class: runners.TestRunner<br>Test method: Runs Cucumber Scenarios<br>Parameters: "Verify inventory page loads with products", "Inventory Page Tests"</td>
<td></td>
<td>4</td>
<td>runners.TestRunner@26794848</td></tr>
<tr>
<td title='runners.TestRunner.runScenario()'><b>runScenario</b><br>Test class: runners.TestRunner<br>Test method: Runs Cucumber Scenarios<br>Parameters: "Verify sort by Name A-Z", "Inventory Page Tests"</td>
<td></td>
<td>4</td>
<td>runners.TestRunner@26794848</td></tr>
<tr>
<td title='runners.TestRunner.runScenario()'><b>runScenario</b><br>Test class: runners.TestRunner<br>Test method: Runs Cucumber Scenarios<br>Parameters: "Verify Login button text", "SauceDemo Login"</td>
<td></td>
<td>4</td>
<td>runners.TestRunner@26794848</td></tr>
<tr>
<td title='runners.TestRunner.runScenario()'><b>runScenario</b><br>Test class: runners.TestRunner<br>Test method: Runs Cucumber Scenarios<br>Parameters: "Verify cart badge count", "Cart Page Tests"</td>
<td></td>
<td>6</td>
<td>runners.TestRunner@26794848</td></tr>
<tr>
<td title='runners.TestRunner.runScenario()'><b>runScenario</b><br>Test class: runners.TestRunner<br>Test method: Runs Cucumber Scenarios<br>Parameters: "Remove product from cart", "Cart Page Tests"</td>
<td></td>
<td>16</td>
<td>runners.TestRunner@26794848</td></tr>
<tr>
<td title='runners.TestRunner.runScenario()'><b>runScenario</b><br>Test class: runners.TestRunner<br>Test method: Runs Cucumber Scenarios<br>Parameters: "Verify filter dropdown options", "Inventory Page Tests"</td>
<td></td>
<td>4</td>
<td>runners.TestRunner@26794848</td></tr>
<tr>
<td title='runners.TestRunner.runScenario()'><b>runScenario</b><br>Test class: runners.TestRunner<br>Test method: Runs Cucumber Scenarios<br>Parameters: "Verify login page loads successfully", "SauceDemo Login"</td>
<td></td>
<td>3</td>
<td>runners.TestRunner@26794848</td></tr>
<tr>
<td title='runners.TestRunner.runScenario()'><b>runScenario</b><br>Test class: runners.TestRunner<br>Test method: Runs Cucumber Scenarios<br>Parameters: "Verify session persists until logout", "SauceDemo Login"</td>
<td></td>
<td>4</td>
<td>runners.TestRunner@26794848</td></tr>
<tr>
<td title='runners.TestRunner.runScenario()'><b>runScenario</b><br>Test class: runners.TestRunner<br>Test method: Runs Cucumber Scenarios<br>Parameters: "Login with valid user (standard_user)", "SauceDemo Login"</td>
<td></td>
<td>5</td>
<td>runners.TestRunner@26794848</td></tr>
<tr>
<td title='runners.TestRunner.runScenario()'><b>runScenario</b><br>Test class: runners.TestRunner<br>Test method: Runs Cucumber Scenarios<br>Parameters: "Login with performance_glitch_user", "SauceDemo Login"</td>
<td></td>
<td>9</td>
<td>runners.TestRunner@26794848</td></tr>
<tr>
<td title='runners.TestRunner.runScenario()'><b>runScenario</b><br>Test class: runners.TestRunner<br>Test method: Runs Cucumber Scenarios<br>Parameters: "Verify sort by Price High-Low", "Inventory Page Tests"</td>
<td></td>
<td>4</td>
<td>runners.TestRunner@26794848</td></tr>
<tr>
<td title='runners.TestRunner.runScenario()'><b>runScenario</b><br>Test class: runners.TestRunner<br>Test method: Runs Cucumber Scenarios<br>Parameters: "Verify Login button is displayed and enabled", "SauceDemo Login"</td>
<td></td>
<td>4</td>
<td>runners.TestRunner@26794848</td></tr>
<tr>
<td title='runners.TestRunner.runScenario()'><b>runScenario</b><br>Test class: runners.TestRunner<br>Test method: Runs Cucumber Scenarios<br>Parameters: "Invalid login attempts", "SauceDemo Login"</td>
<td></td>
<td>5</td>
<td>runners.TestRunner@26794848</td></tr>
<tr>
<td title='runners.TestRunner.runScenario()'><b>runScenario</b><br>Test class: runners.TestRunner<br>Test method: Runs Cucumber Scenarios<br>Parameters: "Verify inventory cannot be accessed without login", "SauceDemo Login"</td>
<td></td>
<td>5</td>
<td>runners.TestRunner@26794848</td></tr>
<tr>
<td title='runners.TestRunner.runScenario()'><b>runScenario</b><br>Test class: runners.TestRunner<br>Test method: Runs Cucumber Scenarios<br>Parameters: "User logs out successfully", "Logout and Navigation Tests"</td>
<td></td>
<td>5</td>
<td>runners.TestRunner@26794848</td></tr>
<tr>
<td title='runners.TestRunner.runScenario()'><b>runScenario</b><br>Test class: runners.TestRunner<br>Test method: Runs Cucumber Scenarios<br>Parameters: "Successful checkout", "Checkout Page Tests"</td>
<td></td>
<td>10</td>
<td>runners.TestRunner@26794848</td></tr>
<tr>
<td title='runners.TestRunner.runScenario()'><b>runScenario</b><br>Test class: runners.TestRunner<br>Test method: Runs Cucumber Scenarios<br>Parameters: "Verify placeholders for Username and Password", "SauceDemo Login"</td>
<td></td>
<td>4</td>
<td>runners.TestRunner@26794848</td></tr>
<tr>
<td title='runners.TestRunner.runScenario()'><b>runScenario</b><br>Test class: runners.TestRunner<br>Test method: Runs Cucumber Scenarios<br>Parameters: "Verify error icon and close button", "SauceDemo Login"</td>
<td></td>
<td>4</td>
<td>runners.TestRunner@26794848</td></tr>
<tr>
<td title='runners.TestRunner.runScenario()'><b>runScenario</b><br>Test class: runners.TestRunner<br>Test method: Runs Cucumber Scenarios<br>Parameters: "Cancel checkout", "Checkout Page Tests"</td>
<td></td>
<td>7</td>
<td>runners.TestRunner@26794848</td></tr>
<tr>
<td title='runners.TestRunner.runScenario()'><b>runScenario</b><br>Test class: runners.TestRunner<br>Test method: Runs Cucumber Scenarios<br>Parameters: "Invalid login attempts", "SauceDemo Login"</td>
<td></td>
<td>4</td>
<td>runners.TestRunner@26794848</td></tr>
<tr>
<td title='runners.TestRunner.runScenario()'><b>runScenario</b><br>Test class: runners.TestRunner<br>Test method: Runs Cucumber Scenarios<br>Parameters: "Login with problem_user", "SauceDemo Login"</td>
<td></td>
<td>10</td>
<td>runners.TestRunner@26794848</td></tr>
<tr>
<td title='runners.TestRunner.runScenario()'><b>runScenario</b><br>Test class: runners.TestRunner<br>Test method: Runs Cucumber Scenarios<br>Parameters: "Invalid login attempts", "SauceDemo Login"</td>
<td></td>
<td>5</td>
<td>runners.TestRunner@26794848</td></tr>
<tr>
<td title='runners.TestRunner.runScenario()'><b>runScenario</b><br>Test class: runners.TestRunner<br>Test method: Runs Cucumber Scenarios<br>Parameters: "Verify sort by Name Z-A", "Inventory Page Tests"</td>
<td></td>
<td>4</td>
<td>runners.TestRunner@26794848</td></tr>
<tr>
<td title='runners.TestRunner.runScenario()'><b>runScenario</b><br>Test class: runners.TestRunner<br>Test method: Runs Cucumber Scenarios<br>Parameters: "Verify logo is visible", "SauceDemo Login"</td>
<td></td>
<td>10</td>
<td>runners.TestRunner@26794848</td></tr>
<tr>
<td title='runners.TestRunner.runScenario()'><b>runScenario</b><br>Test class: runners.TestRunner<br>Test method: Runs Cucumber Scenarios<br>Parameters: "Add product to cart", "Cart Page Tests"</td>
<td></td>
<td>10</td>
<td>runners.TestRunner@26794848</td></tr>
<tr>
<td title='runners.TestRunner.runScenario()'><b>runScenario</b><br>Test class: runners.TestRunner<br>Test method: Runs Cucumber Scenarios<br>Parameters: "Verify sort by Price Low-High", "Inventory Page Tests"</td>
<td></td>
<td>4</td>
<td>runners.TestRunner@26794848</td></tr>
</table><p>
</body>
</html>